[2025-03-16 11:31:41,387] [INFO] - ⏳ scheduler 定时任务已启动...
[2025-03-16 11:35:38,846] [INFO] - ⏳ scheduler 定时任务已启动...
[2025-03-16 11:36:00,029] [INFO] - 🔹 scheduler任务开始执行：3/16/2025 11:36:00 AM
[2025-03-16 11:36:40,222] [INFO] - 读取文件成功
[2025-03-16 11:36:40,394] [INFO] - 成功上传 1 个文件。
[2025-03-16 11:36:40,396] [INFO] - csv changing encoding to utf8
[2025-03-16 11:36:40,401] [INFO] - csv encoding changed to utf8 .
[2025-03-16 11:36:40,401] [INFO] - 读取文件成功
[2025-03-16 11:36:40,408] [INFO] - 成功上传 1 个文件。
[2025-03-16 11:36:40,418] [INFO] - ===csv retrieving data===
[2025-03-16 11:36:40,441] [INFO] - ===csv data 208===
[2025-03-16 11:36:40,442] [INFO] - ===csv details 3694452696===
[2025-03-16 11:36:40,451] [INFO] - ===csv details 3694452696===
[2025-03-16 11:36:40,453] [INFO] - ===csv details 3694452696===
[2025-03-16 11:36:40,454] [INFO] - ===csv details 3694452696===
[2025-03-16 11:36:40,455] [INFO] - ===csv details 3694452696===
[2025-03-16 11:36:40,456] [INFO] - ===csv details 3694452696===
[2025-03-16 11:36:40,457] [INFO] - ===csv details 3694452696===
[2025-03-16 11:36:40,459] [INFO] - ===csv details 3694452696===
[2025-03-16 11:36:40,460] [INFO] - ===csv details 3694452696===
[2025-03-16 11:36:40,462] [INFO] - ===csv details 3694452696===
[2025-03-16 11:36:40,464] [INFO] - ===csv details 3694432662===
[2025-03-16 11:36:40,465] [INFO] - ===csv details 3694432662===
[2025-03-16 11:36:40,466] [INFO] - ===csv details 3694432662===
[2025-03-16 11:36:40,468] [INFO] - ===csv details 3694432662===
[2025-03-16 11:36:40,469] [INFO] - ===csv details 3694432662===
[2025-03-16 11:36:40,470] [INFO] - ===csv details 3694432662===
[2025-03-16 11:36:40,471] [INFO] - ===csv details 3694432662===
[2025-03-16 11:36:40,472] [INFO] - ===csv details 3694432662===
[2025-03-16 11:36:40,474] [INFO] - ===csv details 3694432662===
[2025-03-16 11:36:40,476] [INFO] - ===csv details 3694432662===
[2025-03-16 11:36:40,477] [INFO] - ===csv details 3694432662===
[2025-03-16 11:36:40,479] [INFO] - ===csv details 3694432662===
[2025-03-16 11:36:40,481] [INFO] - ===csv details 3694432662===
[2025-03-16 11:36:40,482] [INFO] - ===csv details 3694432662===
[2025-03-16 11:36:40,483] [INFO] - ===csv details 3694432662===
[2025-03-16 11:36:40,484] [INFO] - ===csv details 3694432662===
[2025-03-16 11:36:40,486] [INFO] - ===csv details 3694432662===
[2025-03-16 11:36:40,488] [INFO] - ===csv details 3694432662===
[2025-03-16 11:36:40,489] [INFO] - ===csv details 3694432662===
[2025-03-16 11:36:40,490] [INFO] - ===csv details 3694432662===
[2025-03-16 11:36:40,491] [INFO] - ===csv details 3694432662===
[2025-03-16 11:36:40,492] [INFO] - ===csv details 3694432662===
[2025-03-16 11:36:40,494] [INFO] - ===csv details 3694383405===
[2025-03-16 11:36:40,495] [INFO] - ===csv details 3694383405===
[2025-03-16 11:36:40,496] [INFO] - ===csv details 3694268231===
[2025-03-16 11:36:40,499] [INFO] - ===csv details 3694268231===
[2025-03-16 11:36:40,500] [INFO] - ===csv details 3694168887===
[2025-03-16 11:36:40,501] [INFO] - ===csv details 3694158905===
[2025-03-16 11:36:40,503] [INFO] - ===csv details 3694116082===
[2025-03-16 11:36:40,504] [INFO] - ===csv details 3694116082===
[2025-03-16 11:36:40,505] [INFO] - ===csv details 3694116082===
[2025-03-16 11:36:40,506] [INFO] - ===csv details 3694116082===
[2025-03-16 11:36:40,508] [INFO] - ===csv details 3694116082===
[2025-03-16 11:36:40,510] [INFO] - ===csv details 3694116082===
[2025-03-16 11:36:40,511] [INFO] - ===csv details 3694116082===
[2025-03-16 11:36:40,512] [INFO] - ===csv details 3694116082===
[2025-03-16 11:36:40,514] [INFO] - ===csv details 3694116082===
[2025-03-16 11:36:40,515] [INFO] - ===csv details 3694116082===
[2025-03-16 11:36:40,518] [INFO] - ===csv details 3694116082===
[2025-03-16 11:36:40,519] [INFO] - ===csv details 3694116082===
[2025-03-16 11:36:40,522] [INFO] - ===csv details 3694116082===
[2025-03-16 11:36:40,523] [INFO] - ===csv details 3694116082===
[2025-03-16 11:36:40,525] [INFO] - ===csv details 3694116082===
[2025-03-16 11:36:40,527] [INFO] - ===csv details 3694116082===
[2025-03-16 11:36:40,529] [INFO] - ===csv details 3694116082===
[2025-03-16 11:36:40,530] [INFO] - ===csv details 3694116082===
[2025-03-16 11:36:40,531] [INFO] - ===csv details 3694116082===
[2025-03-16 11:36:40,532] [INFO] - ===csv details 3694116082===
[2025-03-16 11:36:40,534] [INFO] - ===csv details 3694116082===
[2025-03-16 11:36:40,535] [INFO] - ===csv details 3694116082===
[2025-03-16 11:36:40,536] [INFO] - ===csv details 3694116082===
[2025-03-16 11:36:40,537] [INFO] - ===csv details 3694116082===
[2025-03-16 11:36:40,540] [INFO] - ===csv details 3694116082===
[2025-03-16 11:36:40,542] [INFO] - ===csv details 3694116082===
[2025-03-16 11:36:40,543] [INFO] - ===csv details 3694116082===
[2025-03-16 11:36:40,545] [INFO] - ===csv details 3694116082===
[2025-03-16 11:36:40,546] [INFO] - ===csv details 3694116082===
[2025-03-16 11:36:40,547] [INFO] - ===csv details 3693686012===
[2025-03-16 11:36:40,550] [INFO] - ===csv details 3693686012===
[2025-03-16 11:36:40,552] [INFO] - ===csv details 3693686012===
[2025-03-16 11:36:40,553] [INFO] - ===csv details 3693686012===
[2025-03-16 11:36:40,555] [INFO] - ===csv details 3693686012===
[2025-03-16 11:36:40,556] [INFO] - ===csv details 3693686012===
[2025-03-16 11:36:40,559] [INFO] - ===csv details 3693686012===
[2025-03-16 11:36:40,560] [INFO] - ===csv details 3693686012===
[2025-03-16 11:36:40,562] [INFO] - ===csv details 3693686012===
[2025-03-16 11:36:40,563] [INFO] - ===csv details 3693686012===
[2025-03-16 11:36:40,564] [INFO] - ===csv details 3693686012===
[2025-03-16 11:36:40,566] [INFO] - ===csv details 3693686012===
[2025-03-16 11:36:40,570] [INFO] - ===csv details 3693686012===
[2025-03-16 11:36:40,577] [INFO] - ===csv details 3693686012===
[2025-03-16 11:36:40,578] [INFO] - ===csv details 3693686012===
[2025-03-16 11:36:40,579] [INFO] - ===csv details 3693686012===
[2025-03-16 11:36:40,580] [INFO] - ===csv details 3693686012===
[2025-03-16 11:36:40,582] [INFO] - ===csv details 3693686012===
[2025-03-16 11:36:40,583] [INFO] - ===csv details 3693686012===
[2025-03-16 11:36:40,584] [INFO] - ===csv details 3693686012===
[2025-03-16 11:36:40,585] [INFO] - ===csv details 3693686012===
[2025-03-16 11:36:40,586] [INFO] - ===csv details 3693686012===
[2025-03-16 11:36:40,587] [INFO] - ===csv details 3693686012===
[2025-03-16 11:36:40,588] [INFO] - ===csv details 3693676206===
[2025-03-16 11:36:40,590] [INFO] - ===csv details 3693676206===
[2025-03-16 11:36:40,591] [INFO] - ===csv details 3693676206===
[2025-03-16 11:36:40,592] [INFO] - ===csv details 3693676206===
[2025-03-16 11:36:40,593] [INFO] - ===csv details 3693676206===
[2025-03-16 11:36:40,594] [INFO] - ===csv details 3693676206===
[2025-03-16 11:36:40,595] [INFO] - ===csv details 3693676206===
[2025-03-16 11:36:40,598] [INFO] - ===csv details 3693676206===
[2025-03-16 11:36:40,600] [INFO] - ===csv details 3693583544===
[2025-03-16 11:36:40,601] [INFO] - ===csv details 3693583544===
[2025-03-16 11:36:40,602] [INFO] - ===csv details 3693583544===
[2025-03-16 11:36:40,603] [INFO] - ===csv details 3693583544===
[2025-03-16 11:36:40,604] [INFO] - ===csv details 3693583544===
[2025-03-16 11:36:40,608] [INFO] - ===csv details 3693583544===
[2025-03-16 11:36:40,609] [INFO] - ===csv details 3693583544===
[2025-03-16 11:36:40,610] [INFO] - ===csv details 3693583544===
[2025-03-16 11:36:40,611] [INFO] - ===csv details 3693583544===
[2025-03-16 11:36:40,612] [INFO] - ===csv details 3693583544===
[2025-03-16 11:36:40,613] [INFO] - ===csv details 3693583544===
[2025-03-16 11:36:40,616] [INFO] - ===csv details 3693583544===
[2025-03-16 11:36:40,617] [INFO] - ===csv details 3693583544===
[2025-03-16 11:36:40,619] [INFO] - ===csv details 3693583544===
[2025-03-16 11:36:40,620] [INFO] - ===csv details 3693379393===
[2025-03-16 11:36:40,621] [INFO] - ===csv details 3693267468===
[2025-03-16 11:36:40,623] [INFO] - ===csv details 3693267468===
[2025-03-16 11:36:40,624] [INFO] - ===csv details 3693267468===
[2025-03-16 11:36:40,625] [INFO] - ===csv details 3693267468===
[2025-03-16 11:36:40,626] [INFO] - ===csv details 3693176861===
[2025-03-16 11:36:40,628] [INFO] - ===csv details 3693176861===
[2025-03-16 11:36:40,629] [INFO] - ===csv details 3693157417===
[2025-03-16 11:36:40,630] [INFO] - ===csv details 3693157417===
[2025-03-16 11:36:40,631] [INFO] - ===csv details 3693157417===
[2025-03-16 11:36:40,633] [INFO] - ===csv details 3693157417===
[2025-03-16 11:36:40,633] [INFO] - ===csv details 3693157417===
[2025-03-16 11:36:40,636] [INFO] - ===csv details 3693146797===
[2025-03-16 11:36:40,638] [INFO] - ===csv details 3693057789===
[2025-03-16 11:36:40,639] [INFO] - ===csv details 3692809417===
[2025-03-16 11:36:40,641] [INFO] - ===csv details 3692809417===
[2025-03-16 11:36:40,642] [INFO] - ===csv details 3692809417===
[2025-03-16 11:36:40,643] [INFO] - ===csv details 3692809417===
[2025-03-16 11:36:40,644] [INFO] - ===csv details 3692809417===
[2025-03-16 11:36:40,646] [INFO] - ===csv details 3692809417===
[2025-03-16 11:36:40,649] [INFO] - ===csv details 3692809417===
[2025-03-16 11:36:40,650] [INFO] - ===csv details 3692809417===
[2025-03-16 11:36:40,653] [INFO] - ===csv details 3692809417===
[2025-03-16 11:36:40,654] [INFO] - ===csv details 3692809417===
[2025-03-16 11:36:40,655] [INFO] - ===csv details 3692809417===
[2025-03-16 11:36:40,657] [INFO] - ===csv details 3692809417===
[2025-03-16 11:36:40,658] [INFO] - ===csv details 3692809417===
[2025-03-16 11:36:40,659] [INFO] - ===csv details 3692809417===
[2025-03-16 11:36:40,660] [INFO] - ===csv details 3692809417===
[2025-03-16 11:36:40,661] [INFO] - ===csv details 3692809417===
[2025-03-16 11:36:40,664] [INFO] - ===csv details 3692809417===
[2025-03-16 11:36:40,665] [INFO] - ===csv details 3692809417===
[2025-03-16 11:36:40,666] [INFO] - ===csv details 3692809417===
[2025-03-16 11:36:40,667] [INFO] - ===csv details 3692809417===
[2025-03-16 11:36:40,669] [INFO] - ===csv details 3692809417===
[2025-03-16 11:36:40,670] [INFO] - ===csv details 3692809417===
[2025-03-16 11:36:40,671] [INFO] - ===csv details 3692809417===
[2025-03-16 11:36:40,673] [INFO] - ===csv details 3692809417===
[2025-03-16 11:36:40,673] [INFO] - ===csv details 3692809417===
[2025-03-16 11:36:40,675] [INFO] - ===csv details 3692513185===
[2025-03-16 11:36:40,676] [INFO] - ===csv details 3692513185===
[2025-03-16 11:36:40,678] [INFO] - ===csv details 3692513185===
[2025-03-16 11:36:40,679] [INFO] - ===csv details 3692483726===
[2025-03-16 11:36:40,680] [INFO] - ===csv details 3692483726===
[2025-03-16 11:36:40,681] [INFO] - ===csv details 3692483726===
[2025-03-16 11:36:40,682] [INFO] - ===csv details 3692483726===
[2025-03-16 11:36:40,683] [INFO] - ===csv details 3692473390===
[2025-03-16 11:36:40,684] [INFO] - ===csv details 3692473390===
[2025-03-16 11:36:40,685] [INFO] - ===csv details 3692473390===
[2025-03-16 11:36:40,686] [INFO] - ===csv details 3692473390===
[2025-03-16 11:36:40,688] [INFO] - ===csv details 3692454201===
[2025-03-16 11:36:40,689] [INFO] - ===csv details 3692423620===
[2025-03-16 11:36:40,690] [INFO] - ===csv details 3692423620===
[2025-03-16 11:36:40,692] [INFO] - ===csv details 3692314096===
[2025-03-16 11:36:40,693] [INFO] - ===csv details 3692256484===
[2025-03-16 11:36:40,694] [INFO] - ===csv details 3692256484===
[2025-03-16 11:36:40,695] [INFO] - ===csv details 3692256484===
[2025-03-16 11:36:40,696] [INFO] - ===csv details 3692256484===
[2025-03-16 11:36:40,697] [INFO] - ===csv details 3692256484===
[2025-03-16 11:36:40,698] [INFO] - ===csv details 3692256484===
[2025-03-16 11:36:40,699] [INFO] - ===csv details 3692256484===
[2025-03-16 11:36:40,701] [INFO] - ===csv details 3692256484===
[2025-03-16 11:36:40,702] [INFO] - ===csv details 3692256484===
[2025-03-16 11:36:40,703] [INFO] - ===csv details 3692256484===
[2025-03-16 11:36:40,704] [INFO] - ===csv details 3692256484===
[2025-03-16 11:36:40,705] [INFO] - ===csv details 3692256484===
[2025-03-16 11:36:40,706] [INFO] - ===csv details 3692256484===
[2025-03-16 11:36:40,707] [INFO] - ===csv details 3692152789===
[2025-03-16 11:36:40,708] [INFO] - ===csv details 3692152789===
[2025-03-16 11:36:40,712] [INFO] - ===csv details 3692152789===
[2025-03-16 11:36:40,713] [INFO] - ===csv details 3692152789===
[2025-03-16 11:36:40,714] [INFO] - ===csv details 3692152789===
[2025-03-16 11:36:40,715] [INFO] - ===csv details 3692152789===
[2025-03-16 11:36:40,717] [INFO] - ===csv details 3692152789===
[2025-03-16 11:36:40,719] [INFO] - ===csv details 3692152789===
[2025-03-16 11:36:40,720] [INFO] - ===csv details 3692061269===
[2025-03-16 11:36:40,721] [INFO] - ===csv details 3692061269===
[2025-03-16 11:36:40,722] [INFO] - ===csv details 3692061269===
[2025-03-16 11:36:40,725] [INFO] - ===csv details 3692061269===
[2025-03-16 11:36:40,726] [INFO] - ===csv details 3692061269===
[2025-03-16 11:36:40,727] [INFO] - ===csv details 3692061269===
[2025-03-16 11:36:40,728] [INFO] - ===csv details 3692061269===
[2025-03-16 11:36:40,729] [INFO] - ===csv details 3692061269===
[2025-03-16 11:36:40,730] [INFO] - ===csv details 3691883240===
[2025-03-16 11:36:40,733] [INFO] - ===csv details 3691883240===
[2025-03-16 11:36:40,734] [INFO] - ===csv details 3691883240===
[2025-03-16 11:36:40,735] [INFO] - ===csv details 3691883240===
[2025-03-16 11:36:40,736] [INFO] - ===csv details 3691883240===
[2025-03-16 11:36:40,737] [INFO] - ===csv details 3691653808===
[2025-03-16 11:36:40,738] [INFO] - ===csv details 3691653808===
[2025-03-16 11:36:40,740] [INFO] - ===csv details 3691653808===
[2025-03-16 11:36:40,741] [INFO] - ===csv details 3691653808===
[2025-03-16 11:36:40,743] [INFO] - ===csv details 3690739934===
[2025-03-16 11:36:40,744] [INFO] - ===csv details 3690732956===
[2025-03-16 11:36:40,745] [INFO] - ===csv details 3690636656===
[2025-03-16 11:36:40,748] [INFO] - ===csv details 3690349422===
[2025-03-16 11:36:40,749] [INFO] - csv data uploaded!
[2025-03-16 11:36:45,753] [INFO] - ✅ scheduler任务执行完成：3/16/2025 11:36:45 AM
[2025-03-16 13:33:55,977] [INFO] - ⏳ scheduler 定时任务准备启动...
[2025-03-16 13:33:55,984] [INFO] - Scheduler DefaultQuartzScheduler_$_NON_CLUSTERED started.
[2025-03-16 13:35:37,970] [INFO] - ⏳ scheduler 定时任务准备启动...
[2025-03-16 13:35:37,978] [INFO] - Scheduler DefaultQuartzScheduler_$_NON_CLUSTERED started.
[2025-03-16 13:36:01,322] [INFO] - ⏳ scheduler 定时任务准备启动...
[2025-03-16 13:36:01,329] [INFO] - Scheduler DefaultQuartzScheduler_$_NON_CLUSTERED started.
