[2025-03-15 20:56:30,106] [INFO] - 读取文件成功
[2025-03-15 20:56:30,340] [INFO] - 成功上传 1 个文件。
[2025-03-15 20:56:30,341] [INFO] - csv changing encoding to utf8
[2025-03-15 20:56:30,345] [INFO] - csv encoding changed to utf8 .
[2025-03-15 20:56:30,345] [INFO] - 读取文件成功
[2025-03-15 20:56:30,352] [INFO] - 成功上传 1 个文件。
[2025-03-15 20:56:30,362] [INFO] - ===csv retrieving data===
[2025-03-15 20:56:30,401] [INFO] - ===csv data 205===
[2025-03-15 20:56:30,401] [INFO] - ===csv details 3694452696===
[2025-03-15 20:56:30,411] [INFO] - ===csv details 3694452696===
[2025-03-15 20:56:30,413] [INFO] - ===csv details 3694452696===
[2025-03-15 20:56:30,415] [INFO] - ===csv details 3694452696===
[2025-03-15 20:56:30,416] [INFO] - ===csv details 3694452696===
[2025-03-15 20:56:30,418] [INFO] - ===csv details 3694452696===
[2025-03-15 20:56:30,419] [INFO] - ===csv details 3694452696===
[2025-03-15 20:56:30,420] [INFO] - ===csv details 3694452696===
[2025-03-15 20:56:30,422] [INFO] - ===csv details 3694452696===
[2025-03-15 20:56:30,423] [INFO] - ===csv details 3694452696===
[2025-03-15 20:56:30,425] [INFO] - ===csv details 3694432662===
[2025-03-15 20:56:30,427] [INFO] - ===csv details 3694432662===
[2025-03-15 20:56:30,428] [INFO] - ===csv details 3694432662===
[2025-03-15 20:56:30,429] [INFO] - ===csv details 3694432662===
[2025-03-15 20:56:30,430] [INFO] - ===csv details 3694432662===
[2025-03-15 20:56:30,432] [INFO] - ===csv details 3694432662===
[2025-03-15 20:56:30,433] [INFO] - ===csv details 3694432662===
[2025-03-15 20:56:30,434] [INFO] - ===csv details 3694432662===
[2025-03-15 20:56:30,436] [INFO] - ===csv details 3694432662===
[2025-03-15 20:56:30,437] [INFO] - ===csv details 3694432662===
[2025-03-15 20:56:30,438] [INFO] - ===csv details 3694432662===
[2025-03-15 20:56:30,439] [INFO] - ===csv details 3694432662===
[2025-03-15 20:56:30,440] [INFO] - ===csv details 3694432662===
[2025-03-15 20:56:30,441] [INFO] - ===csv details 3694432662===
[2025-03-15 20:56:30,442] [INFO] - ===csv details 3694432662===
[2025-03-15 20:56:30,445] [INFO] - ===csv details 3694432662===
[2025-03-15 20:56:30,447] [INFO] - ===csv details 3694432662===
[2025-03-15 20:56:30,449] [INFO] - ===csv details 3694432662===
[2025-03-15 20:56:30,450] [INFO] - ===csv details 3694432662===
[2025-03-15 20:56:30,451] [INFO] - ===csv details 3694432662===
[2025-03-15 20:56:30,452] [INFO] - ===csv details 3694432662===
[2025-03-15 20:56:30,453] [INFO] - ===csv details 3694432662===
[2025-03-15 20:56:30,456] [INFO] - ===csv details 3694383405===
[2025-03-15 20:56:30,457] [INFO] - ===csv details 3694383405===
[2025-03-15 20:56:30,459] [INFO] - ===csv details 3694268231===
[2025-03-15 20:56:30,463] [INFO] - ===csv details 3694268231===
[2025-03-15 20:56:30,464] [INFO] - ===csv details 3694168887===
[2025-03-15 20:56:30,466] [INFO] - ===csv details 3694158905===
[2025-03-15 20:56:30,467] [INFO] - ===csv details 3694116082===
[2025-03-15 20:56:30,469] [INFO] - ===csv details 3694116082===
[2025-03-15 20:56:30,475] [INFO] - ===csv details 3694116082===
[2025-03-15 20:56:30,479] [INFO] - ===csv details 3694116082===
[2025-03-15 20:56:30,481] [INFO] - ===csv details 3694116082===
[2025-03-15 20:56:30,483] [INFO] - ===csv details 3694116082===
[2025-03-15 20:56:30,486] [INFO] - ===csv details 3694116082===
[2025-03-15 20:56:30,488] [INFO] - ===csv details 3694116082===
[2025-03-15 20:56:30,491] [INFO] - ===csv details 3694116082===
[2025-03-15 20:56:30,493] [INFO] - ===csv details 3694116082===
[2025-03-15 20:56:30,495] [INFO] - ===csv details 3694116082===
[2025-03-15 20:56:30,497] [INFO] - ===csv details 3694116082===
[2025-03-15 20:56:30,500] [INFO] - ===csv details 3694116082===
[2025-03-15 20:56:30,502] [INFO] - ===csv details 3694116082===
[2025-03-15 20:56:30,504] [INFO] - ===csv details 3694116082===
[2025-03-15 20:56:30,505] [INFO] - ===csv details 3694116082===
[2025-03-15 20:56:30,506] [INFO] - ===csv details 3694116082===
[2025-03-15 20:56:30,507] [INFO] - ===csv details 3694116082===
[2025-03-15 20:56:30,509] [INFO] - ===csv details 3694116082===
[2025-03-15 20:56:30,510] [INFO] - ===csv details 3694116082===
[2025-03-15 20:56:30,512] [INFO] - ===csv details 3694116082===
[2025-03-15 20:56:30,513] [INFO] - ===csv details 3694116082===
[2025-03-15 20:56:30,515] [INFO] - ===csv details 3694116082===
[2025-03-15 20:56:30,516] [INFO] - ===csv details 3694116082===
[2025-03-15 20:56:30,517] [INFO] - ===csv details 3694116082===
[2025-03-15 20:56:30,518] [INFO] - ===csv details 3694116082===
[2025-03-15 20:56:30,520] [INFO] - ===csv details 3694116082===
[2025-03-15 20:56:30,521] [INFO] - ===csv details 3694116082===
[2025-03-15 20:56:30,522] [INFO] - ===csv details 3694116082===
[2025-03-15 20:56:30,523] [INFO] - ===csv details 3693686012===
[2025-03-15 20:56:30,525] [INFO] - ===csv details 3693686012===
[2025-03-15 20:56:30,528] [INFO] - ===csv details 3693686012===
[2025-03-15 20:56:30,529] [INFO] - ===csv details 3693686012===
[2025-03-15 20:56:30,531] [INFO] - ===csv details 3693686012===
[2025-03-15 20:56:30,532] [INFO] - ===csv details 3693686012===
[2025-03-15 20:56:30,534] [INFO] - ===csv details 3693686012===
[2025-03-15 20:56:30,537] [INFO] - ===csv details 3693686012===
[2025-03-15 20:56:30,539] [INFO] - ===csv details 3693686012===
[2025-03-15 20:56:30,540] [INFO] - ===csv details 3693686012===
[2025-03-15 20:56:30,541] [INFO] - ===csv details 3693686012===
[2025-03-15 20:56:30,542] [INFO] - ===csv details 3693686012===
[2025-03-15 20:56:30,544] [INFO] - ===csv details 3693686012===
[2025-03-15 20:56:30,546] [INFO] - ===csv details 3693686012===
[2025-03-15 20:56:30,547] [INFO] - ===csv details 3693686012===
[2025-03-15 20:56:30,548] [INFO] - ===csv details 3693686012===
[2025-03-15 20:56:30,549] [INFO] - ===csv details 3693686012===
[2025-03-15 20:56:30,551] [INFO] - ===csv details 3693686012===
[2025-03-15 20:56:30,552] [INFO] - ===csv details 3693686012===
[2025-03-15 20:56:30,553] [INFO] - ===csv details 3693686012===
[2025-03-15 20:56:30,555] [INFO] - ===csv details 3693686012===
[2025-03-15 20:56:30,556] [INFO] - ===csv details 3693686012===
[2025-03-15 20:56:30,557] [INFO] - ===csv details 3693686012===
[2025-03-15 20:56:30,558] [INFO] - ===csv details 3693676206===
[2025-03-15 20:56:30,561] [INFO] - ===csv details 3693676206===
[2025-03-15 20:56:30,562] [INFO] - ===csv details 3693676206===
[2025-03-15 20:56:30,564] [INFO] - ===csv details 3693676206===
[2025-03-15 20:56:30,565] [INFO] - ===csv details 3693676206===
[2025-03-15 20:56:30,566] [INFO] - ===csv details 3693676206===
[2025-03-15 20:56:30,568] [INFO] - ===csv details 3693676206===
[2025-03-15 20:56:30,569] [INFO] - ===csv details 3693676206===
[2025-03-15 20:56:30,570] [INFO] - ===csv details 3693583544===
[2025-03-15 20:56:30,571] [INFO] - ===csv details 3693583544===
[2025-03-15 20:56:30,572] [INFO] - ===csv details 3693583544===
[2025-03-15 20:56:30,574] [INFO] - ===csv details 3693583544===
[2025-03-15 20:56:30,575] [INFO] - ===csv details 3693583544===
[2025-03-15 20:56:30,576] [INFO] - ===csv details 3693583544===
[2025-03-15 20:56:30,577] [INFO] - ===csv details 3693583544===
[2025-03-15 20:56:30,578] [INFO] - ===csv details 3693583544===
[2025-03-15 20:56:30,579] [INFO] - ===csv details 3693583544===
[2025-03-15 20:56:30,580] [INFO] - ===csv details 3693583544===
[2025-03-15 20:56:30,582] [INFO] - ===csv details 3693583544===
[2025-03-15 20:56:30,583] [INFO] - ===csv details 3693583544===
[2025-03-15 20:56:30,584] [INFO] - ===csv details 3693583544===
[2025-03-15 20:56:30,585] [INFO] - ===csv details 3693583544===
[2025-03-15 20:56:30,586] [INFO] - ===csv details 3693379393===
[2025-03-15 20:56:30,587] [INFO] - ===csv details 3693267468===
[2025-03-15 20:56:30,588] [INFO] - ===csv details 3693267468===
[2025-03-15 20:56:30,590] [INFO] - ===csv details 3693267468===
[2025-03-15 20:56:30,592] [INFO] - ===csv details 3693267468===
[2025-03-15 20:56:30,593] [INFO] - ===csv details 3693176861===
[2025-03-15 20:56:30,594] [INFO] - ===csv details 3693176861===
[2025-03-15 20:56:30,596] [INFO] - ===csv details 3693157417===
[2025-03-15 20:56:30,597] [INFO] - ===csv details 3693157417===
[2025-03-15 20:56:30,598] [INFO] - ===csv details 3693157417===
[2025-03-15 20:56:30,601] [INFO] - ===csv details 3693157417===
[2025-03-15 20:56:30,602] [INFO] - ===csv details 3693157417===
[2025-03-15 20:56:30,604] [INFO] - ===csv details 3693146797===
[2025-03-15 20:56:30,605] [INFO] - ===csv details 3693057789===
[2025-03-15 20:56:30,606] [INFO] - ===csv details 3692809417===
[2025-03-15 20:56:30,607] [INFO] - ===csv details 3692809417===
[2025-03-15 20:56:30,608] [INFO] - ===csv details 3692809417===
[2025-03-15 20:56:30,611] [INFO] - ===csv details 3692809417===
[2025-03-15 20:56:30,612] [INFO] - ===csv details 3692809417===
[2025-03-15 20:56:30,613] [INFO] - ===csv details 3692809417===
[2025-03-15 20:56:30,614] [INFO] - ===csv details 3692809417===
[2025-03-15 20:56:30,616] [INFO] - ===csv details 3692809417===
[2025-03-15 20:56:30,618] [INFO] - ===csv details 3692809417===
[2025-03-15 20:56:30,619] [INFO] - ===csv details 3692809417===
[2025-03-15 20:56:30,621] [INFO] - ===csv details 3692809417===
[2025-03-15 20:56:30,626] [INFO] - ===csv details 3692809417===
[2025-03-15 20:56:30,628] [INFO] - ===csv details 3692809417===
[2025-03-15 20:56:30,629] [INFO] - ===csv details 3692809417===
[2025-03-15 20:56:30,633] [INFO] - ===csv details 3692809417===
[2025-03-15 20:56:30,635] [INFO] - ===csv details 3692809417===
[2025-03-15 20:56:30,637] [INFO] - ===csv details 3692809417===
[2025-03-15 20:56:30,639] [INFO] - ===csv details 3692809417===
[2025-03-15 20:56:30,641] [INFO] - ===csv details 3692809417===
[2025-03-15 20:56:30,643] [INFO] - ===csv details 3692809417===
[2025-03-15 20:56:30,645] [INFO] - ===csv details 3692809417===
[2025-03-15 20:56:30,646] [INFO] - ===csv details 3692809417===
[2025-03-15 20:56:30,648] [INFO] - ===csv details 3692809417===
[2025-03-15 20:56:30,650] [INFO] - ===csv details 3692809417===
[2025-03-15 20:56:30,651] [INFO] - ===csv details 3692809417===
[2025-03-15 20:56:30,657] [INFO] - ===csv details 3692513185===
[2025-03-15 20:56:30,658] [INFO] - ===csv details 3692513185===
[2025-03-15 20:56:30,662] [INFO] - ===csv details 3692513185===
[2025-03-15 20:56:30,664] [INFO] - ===csv details 3692483726===
[2025-03-15 20:56:30,665] [INFO] - ===csv details 3692483726===
[2025-03-15 20:56:30,668] [INFO] - ===csv details 3692483726===
[2025-03-15 20:56:30,670] [INFO] - ===csv details 3692483726===
[2025-03-15 20:56:30,672] [INFO] - ===csv details 3692473390===
[2025-03-15 20:56:30,673] [INFO] - ===csv details 3692473390===
[2025-03-15 20:56:30,675] [INFO] - ===csv details 3692473390===
[2025-03-15 20:56:30,676] [INFO] - ===csv details 3692473390===
[2025-03-15 20:56:30,678] [INFO] - ===csv details 3692454201===
[2025-03-15 20:56:30,680] [INFO] - ===csv details 3692423620===
[2025-03-15 20:56:30,682] [INFO] - ===csv details 3692423620===
[2025-03-15 20:56:30,683] [INFO] - ===csv details 3692314096===
[2025-03-15 20:56:30,686] [INFO] - ===csv details 3692256484===
[2025-03-15 20:56:30,687] [INFO] - ===csv details 3692256484===
[2025-03-15 20:56:30,689] [INFO] - ===csv details 3692256484===
[2025-03-15 20:56:30,691] [INFO] - ===csv details 3692256484===
[2025-03-15 20:56:30,692] [INFO] - ===csv details 3692256484===
[2025-03-15 20:56:30,693] [INFO] - ===csv details 3692256484===
[2025-03-15 20:56:30,695] [INFO] - ===csv details 3692256484===
[2025-03-15 20:56:30,696] [INFO] - ===csv details 3692256484===
[2025-03-15 20:56:30,697] [INFO] - ===csv details 3692256484===
[2025-03-15 20:56:30,699] [INFO] - ===csv details 3692256484===
[2025-03-15 20:56:30,701] [INFO] - ===csv details 3692256484===
[2025-03-15 20:56:30,702] [INFO] - ===csv details 3692256484===
[2025-03-15 20:56:30,704] [INFO] - ===csv details 3692256484===
[2025-03-15 20:56:30,707] [INFO] - ===csv details 3692152789===
[2025-03-15 20:56:30,708] [INFO] - ===csv details 3692152789===
[2025-03-15 20:56:30,709] [INFO] - ===csv details 3692152789===
[2025-03-15 20:56:30,710] [INFO] - ===csv details 3692152789===
[2025-03-15 20:56:30,712] [INFO] - ===csv details 3692152789===
[2025-03-15 20:56:30,714] [INFO] - ===csv details 3692152789===
[2025-03-15 20:56:30,717] [INFO] - ===csv details 3692152789===
[2025-03-15 20:56:30,718] [INFO] - ===csv details 3692152789===
[2025-03-15 20:56:30,720] [INFO] - ===csv details 3692061269===
[2025-03-15 20:56:30,721] [INFO] - ===csv details 3692061269===
[2025-03-15 20:56:30,723] [INFO] - ===csv details 3692061269===
[2025-03-15 20:56:30,725] [INFO] - ===csv details 3692061269===
[2025-03-15 20:56:30,726] [INFO] - ===csv details 3692061269===
[2025-03-15 20:56:30,729] [INFO] - ===csv details 3692061269===
[2025-03-15 20:56:30,730] [INFO] - ===csv details 3692061269===
[2025-03-15 20:56:30,732] [INFO] - ===csv details 3692061269===
[2025-03-15 20:56:30,733] [INFO] - ===csv details 3691883240===
[2025-03-15 20:56:30,735] [INFO] - ===csv details 3691883240===
[2025-03-15 20:56:30,737] [INFO] - ===csv details 3691883240===
[2025-03-15 20:56:30,740] [INFO] - ===csv details 3691883240===
[2025-03-15 20:56:30,742] [INFO] - ===csv details 3691883240===
[2025-03-15 20:56:30,744] [INFO] - ===csv details 3691653808===
[2025-03-15 20:56:30,746] [INFO] - ===csv details 3691653808===
[2025-03-15 20:56:30,748] [INFO] - ===csv details 3691653808===
[2025-03-15 20:56:30,750] [INFO] - ===csv details 3691653808===
[2025-03-15 20:56:30,752] [INFO] - ===csv details 3690739934===
[2025-03-15 20:56:30,757] [INFO] - csv data uploaded!
