[2025-03-14 21:35:59,367] [INFO] - === 开始清理 2024-07-01 的数据 ===
[2025-03-14 21:36:15,503] [INFO] - === 开始清理 2024-07-01 的数据 ===
[2025-03-14 21:36:15,778] [INFO] - 表 `guestcheckdetailssumrow` 清理完成，影响行数：0
[2025-03-14 21:36:15,779] [INFO] - 表 `guestcheckdetails` 清理完成，影响行数：0
[2025-03-14 21:36:15,781] [INFO] - 表 `guestcheck` 清理完成，影响行数：0
[2025-03-14 21:36:15,782] [INFO] - === 清理数据成功 ===
[2025-03-14 21:36:15,784] [INFO] - === 结束清理数据 ===
[2025-03-14 21:36:15,784] [INFO] - === 开始同步数据 ===
[2025-03-14 21:36:16,352] [INFO] - Oracle 数据库连接成功
[2025-03-14 21:36:16,356] [INFO] - MySQL 数据库连接成功
[2025-03-14 21:36:16,527] [INFO] - 从 Oracle 获取 58 条主表记录
[2025-03-14 21:36:16,628] [INFO] - 主表数据同步完成
[2025-03-14 21:36:16,963] [INFO] - G_C_ID = 1029382-512457从表数据共 7 条
[2025-03-14 21:36:16,984] [INFO] - G_C_ID = 1029382-512457从表SUM数据共 1 条
[2025-03-14 21:36:17,080] [INFO] - G_C_ID = 1029263-512455从表数据共 4 条
[2025-03-14 21:36:17,100] [INFO] - G_C_ID = 1029263-512455从表SUM数据共 1 条
[2025-03-14 21:36:17,200] [INFO] - G_C_ID = 1029255-512453从表数据共 7 条
[2025-03-14 21:36:17,229] [INFO] - G_C_ID = 1029255-512453从表SUM数据共 1 条
[2025-03-14 21:36:17,328] [INFO] - G_C_ID = 1029056-512452从表数据共 5 条
[2025-03-14 21:36:17,349] [INFO] - G_C_ID = 1029056-512452从表SUM数据共 1 条
[2025-03-14 21:36:17,442] [INFO] - G_C_ID = 1029256-512454从表数据共 9 条
[2025-03-14 21:36:17,456] [INFO] - G_C_ID = 1029256-512454从表SUM数据共 1 条
[2025-03-14 21:36:17,553] [INFO] - G_C_ID = 1029379-512456从表数据共 7 条
[2025-03-14 21:36:17,567] [INFO] - G_C_ID = 1029379-512456从表SUM数据共 1 条
[2025-03-14 21:36:17,659] [INFO] - G_C_ID = 1029365-36970从表数据共 5 条
[2025-03-14 21:36:17,671] [INFO] - G_C_ID = 1029365-36970从表SUM数据共 1 条
[2025-03-14 21:36:17,761] [INFO] - G_C_ID = 1029360-36969从表数据共 3 条
[2025-03-14 21:36:17,769] [INFO] - G_C_ID = 1029360-36969从表SUM数据共 1 条
[2025-03-14 21:36:17,860] [INFO] - G_C_ID = 1029090-36962从表数据共 4 条
[2025-03-14 21:36:17,872] [INFO] - G_C_ID = 1029090-36962从表SUM数据共 1 条
[2025-03-14 21:36:17,965] [INFO] - G_C_ID = 1029077-36959从表数据共 3 条
[2025-03-14 21:36:17,977] [INFO] - G_C_ID = 1029077-36959从表SUM数据共 1 条
[2025-03-14 21:36:18,077] [INFO] - G_C_ID = 1029371-36972从表数据共 18 条
[2025-03-14 21:36:18,101] [INFO] - G_C_ID = 1029371-36972从表SUM数据共 1 条
[2025-03-14 21:36:18,192] [INFO] - G_C_ID = 1029357-36966从表数据共 5 条
[2025-03-14 21:36:18,205] [INFO] - G_C_ID = 1029357-36966从表SUM数据共 1 条
[2025-03-14 21:36:18,299] [INFO] - G_C_ID = 1029078-36960从表数据共 12 条
[2025-03-14 21:36:18,322] [INFO] - G_C_ID = 1029078-36960从表SUM数据共 1 条
[2025-03-14 21:36:18,416] [WARN] - G_C_ID = 1029061-36957 没有对应的从表数据
[2025-03-14 21:36:18,416] [INFO] - G_C_ID = 1029061-36957从表SUM数据共 1 条
[2025-03-14 21:36:18,519] [INFO] - G_C_ID = 1029064-36958从表数据共 4 条
[2025-03-14 21:36:18,562] [INFO] - G_C_ID = 1029064-36958从表SUM数据共 1 条
[2025-03-14 21:36:18,663] [INFO] - G_C_ID = 1029359-36968从表数据共 6 条
[2025-03-14 21:36:18,674] [INFO] - G_C_ID = 1029359-36968从表SUM数据共 1 条
[2025-03-14 21:36:18,768] [WARN] - G_C_ID = 1029264-36963 没有对应的从表数据
[2025-03-14 21:36:18,768] [INFO] - G_C_ID = 1029264-36963从表SUM数据共 1 条
[2025-03-14 21:36:18,863] [INFO] - G_C_ID = 1029358-36967从表数据共 3 条
[2025-03-14 21:36:18,873] [INFO] - G_C_ID = 1029358-36967从表SUM数据共 1 条
[2025-03-14 21:36:18,964] [INFO] - G_C_ID = 1029058-36955从表数据共 5 条
[2025-03-14 21:36:18,976] [INFO] - G_C_ID = 1029058-36955从表SUM数据共 1 条
[2025-03-14 21:36:19,067] [INFO] - G_C_ID = 1029083-36961从表数据共 6 条
[2025-03-14 21:36:19,079] [INFO] - G_C_ID = 1029083-36961从表SUM数据共 1 条
[2025-03-14 21:36:19,171] [INFO] - G_C_ID = 1029384-36974从表数据共 14 条
[2025-03-14 21:36:19,204] [INFO] - G_C_ID = 1029384-36974从表SUM数据共 1 条
[2025-03-14 21:36:19,297] [INFO] - G_C_ID = 1029277-36964从表数据共 3 条
[2025-03-14 21:36:19,304] [INFO] - G_C_ID = 1029277-36964从表SUM数据共 1 条
[2025-03-14 21:36:19,395] [INFO] - G_C_ID = 1029278-36965从表数据共 4 条
[2025-03-14 21:36:19,405] [INFO] - G_C_ID = 1029278-36965从表SUM数据共 1 条
[2025-03-14 21:36:19,501] [INFO] - G_C_ID = 1029060-36956从表数据共 4 条
[2025-03-14 21:36:19,514] [INFO] - G_C_ID = 1029060-36956从表SUM数据共 1 条
[2025-03-14 21:36:19,609] [INFO] - G_C_ID = 1029373-36973从表数据共 4 条
[2025-03-14 21:36:19,624] [INFO] - G_C_ID = 1029373-36973从表SUM数据共 1 条
[2025-03-14 21:36:19,721] [INFO] - G_C_ID = 1029370-36971从表数据共 6 条
[2025-03-14 21:36:19,740] [INFO] - G_C_ID = 1029370-36971从表SUM数据共 1 条
[2025-03-14 21:36:19,838] [INFO] - G_C_ID = 1029093-1060767从表数据共 8 条
[2025-03-14 21:36:19,850] [INFO] - G_C_ID = 1029093-1060767从表SUM数据共 1 条
[2025-03-14 21:36:19,943] [INFO] - G_C_ID = 1029250-1060768从表数据共 4 条
[2025-03-14 21:36:19,957] [INFO] - G_C_ID = 1029250-1060768从表SUM数据共 1 条
[2025-03-14 21:36:20,059] [INFO] - G_C_ID = 1029375-14890从表数据共 9 条
[2025-03-14 21:36:20,095] [INFO] - G_C_ID = 1029375-14890从表SUM数据共 1 条
[2025-03-14 21:36:20,187] [INFO] - G_C_ID = 1029369-14887从表数据共 3 条
[2025-03-14 21:36:20,197] [INFO] - G_C_ID = 1029369-14887从表SUM数据共 1 条
[2025-03-14 21:36:20,286] [INFO] - G_C_ID = 1029089-14883从表数据共 9 条
[2025-03-14 21:36:20,305] [INFO] - G_C_ID = 1029089-14883从表SUM数据共 1 条
[2025-03-14 21:36:20,401] [INFO] - G_C_ID = 1028844-14875从表数据共 3 条
[2025-03-14 21:36:20,409] [INFO] - G_C_ID = 1028844-14875从表SUM数据共 1 条
[2025-03-14 21:36:20,502] [INFO] - G_C_ID = 1028840-14873从表数据共 3 条
[2025-03-14 21:36:20,514] [INFO] - G_C_ID = 1028840-14873从表SUM数据共 1 条
[2025-03-14 21:36:20,608] [INFO] - G_C_ID = 1028839-14872从表数据共 3 条
[2025-03-14 21:36:20,616] [INFO] - G_C_ID = 1028839-14872从表SUM数据共 1 条
[2025-03-14 21:36:20,730] [INFO] - G_C_ID = 1029372-14888从表数据共 16 条
[2025-03-14 21:36:20,766] [INFO] - G_C_ID = 1029372-14888从表SUM数据共 1 条
[2025-03-14 21:36:20,871] [INFO] - G_C_ID = 1028833-14866从表数据共 3 条
[2025-03-14 21:36:20,878] [INFO] - G_C_ID = 1028833-14866从表SUM数据共 1 条
[2025-03-14 21:36:20,974] [INFO] - G_C_ID = 1029076-14881从表数据共 17 条
[2025-03-14 21:36:21,003] [INFO] - G_C_ID = 1029076-14881从表SUM数据共 1 条
[2025-03-14 21:36:21,106] [INFO] - G_C_ID = 1029362-14885从表数据共 5 条
[2025-03-14 21:36:21,119] [INFO] - G_C_ID = 1029362-14885从表SUM数据共 1 条
[2025-03-14 21:36:21,210] [WARN] - G_C_ID = 1028847-14878 没有对应的从表数据
[2025-03-14 21:36:21,210] [INFO] - G_C_ID = 1028847-14878从表SUM数据共 1 条
[2025-03-14 21:36:21,305] [INFO] - G_C_ID = 1029057-14879从表数据共 2 条
[2025-03-14 21:36:21,318] [INFO] - G_C_ID = 1029057-14879从表SUM数据共 1 条
[2025-03-14 21:36:21,412] [WARN] - G_C_ID = 1029374-14889 没有对应的从表数据
[2025-03-14 21:36:21,412] [INFO] - G_C_ID = 1029374-14889从表SUM数据共 1 条
[2025-03-14 21:36:21,521] [INFO] - G_C_ID = 1028843-14874从表数据共 3 条
[2025-03-14 21:36:21,535] [INFO] - G_C_ID = 1028843-14874从表SUM数据共 1 条
[2025-03-14 21:36:21,635] [INFO] - G_C_ID = 1028834-14867从表数据共 3 条
[2025-03-14 21:36:21,643] [INFO] - G_C_ID = 1028834-14867从表SUM数据共 1 条
[2025-03-14 21:36:21,736] [INFO] - G_C_ID = 1029086-14882从表数据共 3 条
[2025-03-14 21:36:21,747] [INFO] - G_C_ID = 1029086-14882从表SUM数据共 1 条
[2025-03-14 21:36:21,840] [INFO] - G_C_ID = 1029059-14880从表数据共 8 条
[2025-03-14 21:36:21,859] [INFO] - G_C_ID = 1029059-14880从表SUM数据共 1 条
[2025-03-14 21:36:21,952] [INFO] - G_C_ID = 1028838-14871从表数据共 5 条
[2025-03-14 21:36:21,970] [INFO] - G_C_ID = 1028838-14871从表SUM数据共 1 条
[2025-03-14 21:36:22,063] [INFO] - G_C_ID = 1028846-14877从表数据共 3 条
[2025-03-14 21:36:22,076] [INFO] - G_C_ID = 1028846-14877从表SUM数据共 1 条
[2025-03-14 21:36:22,171] [INFO] - G_C_ID = 1028845-14876从表数据共 3 条
[2025-03-14 21:36:22,186] [INFO] - G_C_ID = 1028845-14876从表SUM数据共 1 条
[2025-03-14 21:36:22,280] [INFO] - G_C_ID = 1028835-14868从表数据共 3 条
[2025-03-14 21:36:22,288] [INFO] - G_C_ID = 1028835-14868从表SUM数据共 1 条
[2025-03-14 21:36:22,378] [INFO] - G_C_ID = 1029368-14886从表数据共 12 条
[2025-03-14 21:36:22,399] [INFO] - G_C_ID = 1029368-14886从表SUM数据共 1 条
[2025-03-14 21:36:22,493] [INFO] - G_C_ID = 1028836-14869从表数据共 3 条
[2025-03-14 21:36:22,506] [INFO] - G_C_ID = 1028836-14869从表SUM数据共 1 条
[2025-03-14 21:36:22,602] [INFO] - G_C_ID = 1028837-14870从表数据共 5 条
[2025-03-14 21:36:22,620] [INFO] - G_C_ID = 1028837-14870从表SUM数据共 1 条
[2025-03-14 21:36:22,715] [INFO] - G_C_ID = 1029378-14891从表数据共 10 条
[2025-03-14 21:36:22,737] [INFO] - G_C_ID = 1029378-14891从表SUM数据共 1 条
[2025-03-14 21:36:22,829] [WARN] - G_C_ID = 1029361-14884 没有对应的从表数据
[2025-03-14 21:36:22,829] [INFO] - G_C_ID = 1029361-14884从表SUM数据共 1 条
[2025-03-14 21:36:22,932] [INFO] - G_C_ID = 1029383-1013386从表数据共 6 条
[2025-03-14 21:36:22,941] [INFO] - G_C_ID = 1029383-1013386从表SUM数据共 1 条
[2025-03-14 21:36:23,033] [INFO] - G_C_ID = 1029065-1013383从表数据共 8 条
[2025-03-14 21:36:23,048] [INFO] - G_C_ID = 1029065-1013383从表SUM数据共 1 条
[2025-03-14 21:36:23,155] [INFO] - G_C_ID = 1029367-1013385从表数据共 6 条
[2025-03-14 21:36:23,170] [INFO] - G_C_ID = 1029367-1013385从表SUM数据共 1 条
[2025-03-14 21:36:23,262] [INFO] - G_C_ID = 1029366-1013384从表数据共 4 条
[2025-03-14 21:36:23,277] [INFO] - G_C_ID = 1029366-1013384从表SUM数据共 1 条
[2025-03-14 21:36:23,280] [INFO] - 从表数据同步完成
[2025-03-14 21:36:23,288] [INFO] - Oracle 数据库连接关闭
[2025-03-14 21:36:23,288] [INFO] - MySQL 数据库连接关闭
[2025-03-14 21:36:23,289] [INFO] - === 数据同步完成 ===1
[2025-03-14 21:37:01,745] [INFO] - === 开始清理 2024-07-02 的数据 ===
[2025-03-14 21:37:01,963] [INFO] - 表 `guestcheckdetailssumrow` 清理完成，影响行数：0
[2025-03-14 21:37:01,965] [INFO] - 表 `guestcheckdetails` 清理完成，影响行数：0
[2025-03-14 21:37:01,966] [INFO] - 表 `guestcheck` 清理完成，影响行数：0
[2025-03-14 21:37:01,967] [INFO] - === 清理数据成功 ===
[2025-03-14 21:37:01,969] [INFO] - === 结束清理数据 ===
[2025-03-14 21:37:01,969] [INFO] - === 开始同步数据 ===
[2025-03-14 21:37:02,499] [INFO] - Oracle 数据库连接成功
[2025-03-14 21:37:02,501] [INFO] - MySQL 数据库连接成功
[2025-03-14 21:37:02,672] [INFO] - 从 Oracle 获取 72 条主表记录
[2025-03-14 21:37:02,768] [INFO] - 主表数据同步完成
[2025-03-14 21:37:03,361] [INFO] - G_C_ID = 1030031-512458从表数据共 11 条
[2025-03-14 21:37:03,392] [INFO] - G_C_ID = 1030031-512458从表SUM数据共 1 条
[2025-03-14 21:37:03,492] [INFO] - G_C_ID = 1030049-512462从表数据共 6 条
[2025-03-14 21:37:03,516] [INFO] - G_C_ID = 1030049-512462从表SUM数据共 1 条
[2025-03-14 21:37:03,612] [WARN] - G_C_ID = 1030040-512459 没有对应的从表数据
[2025-03-14 21:37:03,612] [INFO] - G_C_ID = 1030040-512459从表SUM数据共 1 条
[2025-03-14 21:37:03,711] [WARN] - G_C_ID = 1030041-512460 没有对应的从表数据
[2025-03-14 21:37:03,711] [INFO] - G_C_ID = 1030041-512460从表SUM数据共 1 条
[2025-03-14 21:37:03,810] [WARN] - G_C_ID = 1030046-512461 没有对应的从表数据
[2025-03-14 21:37:03,811] [INFO] - G_C_ID = 1030046-512461从表SUM数据共 1 条
[2025-03-14 21:37:03,919] [INFO] - G_C_ID = 1029640-36975从表数据共 3 条
[2025-03-14 21:37:03,932] [INFO] - G_C_ID = 1029640-36975从表SUM数据共 1 条
[2025-03-14 21:37:04,030] [INFO] - G_C_ID = 1030027-36985从表数据共 7 条
[2025-03-14 21:37:04,044] [INFO] - G_C_ID = 1030027-36985从表SUM数据共 1 条
[2025-03-14 21:37:04,136] [INFO] - G_C_ID = 1029851-36977从表数据共 3 条
[2025-03-14 21:37:04,145] [INFO] - G_C_ID = 1029851-36977从表SUM数据共 1 条
[2025-03-14 21:37:04,235] [INFO] - G_C_ID = 1029895-36981从表数据共 3 条
[2025-03-14 21:37:04,242] [INFO] - G_C_ID = 1029895-36981从表SUM数据共 1 条
[2025-03-14 21:37:04,335] [INFO] - G_C_ID = 1030154-36989从表数据共 4 条
[2025-03-14 21:37:04,348] [INFO] - G_C_ID = 1030154-36989从表SUM数据共 1 条
[2025-03-14 21:37:04,442] [INFO] - G_C_ID = 1030029-36987从表数据共 14 条
[2025-03-14 21:37:04,471] [INFO] - G_C_ID = 1030029-36987从表SUM数据共 1 条
[2025-03-14 21:37:04,563] [INFO] - G_C_ID = 1029865-36979从表数据共 4 条
[2025-03-14 21:37:04,571] [INFO] - G_C_ID = 1029865-36979从表SUM数据共 1 条
[2025-03-14 21:37:04,664] [INFO] - G_C_ID = 1029896-36982从表数据共 4 条
[2025-03-14 21:37:04,675] [INFO] - G_C_ID = 1029896-36982从表SUM数据共 1 条
[2025-03-14 21:37:04,769] [INFO] - G_C_ID = 1029850-36976从表数据共 4 条
[2025-03-14 21:37:04,784] [INFO] - G_C_ID = 1029850-36976从表SUM数据共 1 条
[2025-03-14 21:37:04,879] [INFO] - G_C_ID = 1030008-36983从表数据共 3 条
[2025-03-14 21:37:04,887] [INFO] - G_C_ID = 1030008-36983从表SUM数据共 1 条
[2025-03-14 21:37:04,979] [INFO] - G_C_ID = 1029856-36978从表数据共 3 条
[2025-03-14 21:37:04,989] [INFO] - G_C_ID = 1029856-36978从表SUM数据共 1 条
[2025-03-14 21:37:05,082] [INFO] - G_C_ID = 1030028-36986从表数据共 3 条
[2025-03-14 21:37:05,096] [INFO] - G_C_ID = 1030028-36986从表SUM数据共 1 条
[2025-03-14 21:37:05,192] [INFO] - G_C_ID = 1029887-36980从表数据共 4 条
[2025-03-14 21:37:05,201] [INFO] - G_C_ID = 1029887-36980从表SUM数据共 1 条
[2025-03-14 21:37:05,291] [INFO] - G_C_ID = 1030032-36988从表数据共 4 条
[2025-03-14 21:37:05,302] [INFO] - G_C_ID = 1030032-36988从表SUM数据共 1 条
[2025-03-14 21:37:05,395] [INFO] - G_C_ID = 1030016-36984从表数据共 4 条
[2025-03-14 21:37:05,412] [INFO] - G_C_ID = 1030016-36984从表SUM数据共 1 条
[2025-03-14 21:37:05,505] [INFO] - G_C_ID = 1029628-1060769从表数据共 4 条
[2025-03-14 21:37:05,515] [INFO] - G_C_ID = 1029628-1060769从表SUM数据共 1 条
[2025-03-14 21:37:05,607] [INFO] - G_C_ID = 1029618-14913从表数据共 3 条
[2025-03-14 21:37:05,616] [INFO] - G_C_ID = 1029618-14913从表SUM数据共 1 条
[2025-03-14 21:37:05,707] [INFO] - G_C_ID = 1029626-14919从表数据共 3 条
[2025-03-14 21:37:05,716] [INFO] - G_C_ID = 1029626-14919从表SUM数据共 1 条
[2025-03-14 21:37:05,809] [INFO] - G_C_ID = 1029606-14901从表数据共 3 条
[2025-03-14 21:37:05,823] [INFO] - G_C_ID = 1029606-14901从表SUM数据共 1 条
[2025-03-14 21:37:05,917] [INFO] - G_C_ID = 1029605-14900从表数据共 3 条
[2025-03-14 21:37:05,932] [INFO] - G_C_ID = 1029605-14900从表SUM数据共 1 条
[2025-03-14 21:37:06,027] [INFO] - G_C_ID = 1029633-14921从表数据共 3 条
[2025-03-14 21:37:06,042] [INFO] - G_C_ID = 1029633-14921从表SUM数据共 1 条
[2025-03-14 21:37:06,140] [INFO] - G_C_ID = 1029636-14922从表数据共 3 条
[2025-03-14 21:37:06,155] [INFO] - G_C_ID = 1029636-14922从表SUM数据共 1 条
[2025-03-14 21:37:06,250] [INFO] - G_C_ID = 1029396-14893从表数据共 3 条
[2025-03-14 21:37:06,266] [INFO] - G_C_ID = 1029396-14893从表SUM数据共 1 条
[2025-03-14 21:37:06,361] [INFO] - G_C_ID = 1029397-14894从表数据共 5 条
[2025-03-14 21:37:06,384] [INFO] - G_C_ID = 1029397-14894从表SUM数据共 1 条
[2025-03-14 21:37:06,479] [INFO] - G_C_ID = 1029604-14899从表数据共 3 条
[2025-03-14 21:37:06,493] [INFO] - G_C_ID = 1029604-14899从表SUM数据共 1 条
[2025-03-14 21:37:06,586] [INFO] - G_C_ID = 1029862-14928从表数据共 11 条
[2025-03-14 21:37:06,610] [INFO] - G_C_ID = 1029862-14928从表SUM数据共 1 条
[2025-03-14 21:37:06,703] [INFO] - G_C_ID = 1029645-14926从表数据共 4 条
[2025-03-14 21:37:06,720] [INFO] - G_C_ID = 1029645-14926从表SUM数据共 1 条
[2025-03-14 21:37:06,812] [INFO] - G_C_ID = 1029623-14916从表数据共 3 条
[2025-03-14 21:37:06,819] [INFO] - G_C_ID = 1029623-14916从表SUM数据共 1 条
[2025-03-14 21:37:06,911] [INFO] - G_C_ID = 1029395-14892从表数据共 3 条
[2025-03-14 21:37:06,920] [INFO] - G_C_ID = 1029395-14892从表SUM数据共 1 条
[2025-03-14 21:37:07,016] [INFO] - G_C_ID = 1029622-14915从表数据共 3 条
[2025-03-14 21:37:07,029] [INFO] - G_C_ID = 1029622-14915从表SUM数据共 1 条
[2025-03-14 21:37:07,151] [INFO] - G_C_ID = 1029619-14914从表数据共 3 条
[2025-03-14 21:37:07,164] [INFO] - G_C_ID = 1029619-14914从表SUM数据共 1 条
[2025-03-14 21:37:07,258] [INFO] - G_C_ID = 1030033-14934从表数据共 4 条
[2025-03-14 21:37:07,272] [INFO] - G_C_ID = 1030033-14934从表SUM数据共 1 条
[2025-03-14 21:37:07,367] [INFO] - G_C_ID = 1029600-14897从表数据共 3 条
[2025-03-14 21:37:07,383] [INFO] - G_C_ID = 1029600-14897从表SUM数据共 1 条
[2025-03-14 21:37:07,479] [INFO] - G_C_ID = 1030030-14933从表数据共 9 条
[2025-03-14 21:37:07,507] [INFO] - G_C_ID = 1030030-14933从表SUM数据共 1 条
[2025-03-14 21:37:07,602] [INFO] - G_C_ID = 1030036-14935从表数据共 3 条
[2025-03-14 21:37:07,611] [INFO] - G_C_ID = 1030036-14935从表SUM数据共 1 条
[2025-03-14 21:37:07,703] [INFO] - G_C_ID = 1029612-14907从表数据共 3 条
[2025-03-14 21:37:07,711] [INFO] - G_C_ID = 1029612-14907从表SUM数据共 1 条
[2025-03-14 21:37:07,802] [INFO] - G_C_ID = 1029615-14910从表数据共 3 条
[2025-03-14 21:37:07,811] [INFO] - G_C_ID = 1029615-14910从表SUM数据共 1 条
[2025-03-14 21:37:07,902] [INFO] - G_C_ID = 1029644-14925从表数据共 2 条
[2025-03-14 21:37:07,910] [INFO] - G_C_ID = 1029644-14925从表SUM数据共 1 条
[2025-03-14 21:37:08,013] [INFO] - G_C_ID = 1029643-14924从表数据共 3 条
[2025-03-14 21:37:08,021] [INFO] - G_C_ID = 1029643-14924从表SUM数据共 1 条
[2025-03-14 21:37:08,113] [INFO] - G_C_ID = 1029859-14927从表数据共 10 条
[2025-03-14 21:37:08,130] [INFO] - G_C_ID = 1029859-14927从表SUM数据共 1 条
[2025-03-14 21:37:08,231] [WARN] - G_C_ID = 1030013-14929 没有对应的从表数据
[2025-03-14 21:37:08,232] [INFO] - G_C_ID = 1030013-14929从表SUM数据共 1 条
[2025-03-14 21:37:08,328] [INFO] - G_C_ID = 1029625-14918从表数据共 3 条
[2025-03-14 21:37:08,336] [INFO] - G_C_ID = 1029625-14918从表SUM数据共 1 条
[2025-03-14 21:37:08,430] [WARN] - G_C_ID = 1030023-14931 没有对应的从表数据
[2025-03-14 21:37:08,430] [INFO] - G_C_ID = 1030023-14931从表SUM数据共 1 条
[2025-03-14 21:37:08,525] [INFO] - G_C_ID = 1029624-14917从表数据共 3 条
[2025-03-14 21:37:08,534] [INFO] - G_C_ID = 1029624-14917从表SUM数据共 1 条
[2025-03-14 21:37:08,629] [INFO] - G_C_ID = 1029399-14896从表数据共 3 条
[2025-03-14 21:37:08,638] [INFO] - G_C_ID = 1029399-14896从表SUM数据共 1 条
[2025-03-14 21:37:08,731] [INFO] - G_C_ID = 1029614-14909从表数据共 4 条
[2025-03-14 21:37:08,740] [INFO] - G_C_ID = 1029614-14909从表SUM数据共 1 条
[2025-03-14 21:37:08,835] [INFO] - G_C_ID = 1029611-14906从表数据共 3 条
[2025-03-14 21:37:08,843] [INFO] - G_C_ID = 1029611-14906从表SUM数据共 1 条
[2025-03-14 21:37:08,938] [INFO] - G_C_ID = 1029609-14904从表数据共 3 条
[2025-03-14 21:37:08,947] [INFO] - G_C_ID = 1029609-14904从表SUM数据共 1 条
[2025-03-14 21:37:09,040] [INFO] - G_C_ID = 1029610-14905从表数据共 3 条
[2025-03-14 21:37:09,049] [INFO] - G_C_ID = 1029610-14905从表SUM数据共 1 条
[2025-03-14 21:37:09,142] [INFO] - G_C_ID = 1029398-14895从表数据共 3 条
[2025-03-14 21:37:09,160] [INFO] - G_C_ID = 1029398-14895从表SUM数据共 1 条
[2025-03-14 21:37:09,254] [WARN] - G_C_ID = 1030037-14936 没有对应的从表数据
[2025-03-14 21:37:09,255] [INFO] - G_C_ID = 1030037-14936从表SUM数据共 1 条
[2025-03-14 21:37:09,357] [INFO] - G_C_ID = 1030026-14932从表数据共 12 条
[2025-03-14 21:37:09,392] [INFO] - G_C_ID = 1030026-14932从表SUM数据共 1 条
[2025-03-14 21:37:09,485] [WARN] - G_C_ID = 1030020-14930 没有对应的从表数据
[2025-03-14 21:37:09,485] [INFO] - G_C_ID = 1030020-14930从表SUM数据共 1 条
[2025-03-14 21:37:09,593] [INFO] - G_C_ID = 1029637-14923从表数据共 3 条
[2025-03-14 21:37:09,606] [INFO] - G_C_ID = 1029637-14923从表SUM数据共 1 条
[2025-03-14 21:37:09,706] [INFO] - G_C_ID = 1029607-14902从表数据共 3 条
[2025-03-14 21:37:09,717] [INFO] - G_C_ID = 1029607-14902从表SUM数据共 1 条
[2025-03-14 21:37:09,810] [INFO] - G_C_ID = 1029601-14898从表数据共 3 条
[2025-03-14 21:37:09,818] [INFO] - G_C_ID = 1029601-14898从表SUM数据共 1 条
[2025-03-14 21:37:09,910] [INFO] - G_C_ID = 1029613-14908从表数据共 3 条
[2025-03-14 21:37:09,917] [INFO] - G_C_ID = 1029613-14908从表SUM数据共 1 条
[2025-03-14 21:37:10,013] [INFO] - G_C_ID = 1029617-14912从表数据共 3 条
[2025-03-14 21:37:10,020] [INFO] - G_C_ID = 1029617-14912从表SUM数据共 1 条
[2025-03-14 21:37:10,110] [INFO] - G_C_ID = 1029627-14920从表数据共 3 条
[2025-03-14 21:37:10,122] [INFO] - G_C_ID = 1029627-14920从表SUM数据共 1 条
[2025-03-14 21:37:10,214] [INFO] - G_C_ID = 1029616-14911从表数据共 3 条
[2025-03-14 21:37:10,222] [INFO] - G_C_ID = 1029616-14911从表SUM数据共 1 条
[2025-03-14 21:37:10,314] [INFO] - G_C_ID = 1029608-14903从表数据共 5 条
[2025-03-14 21:37:10,328] [INFO] - G_C_ID = 1029608-14903从表SUM数据共 1 条
[2025-03-14 21:37:10,423] [INFO] - G_C_ID = 1029885-1013388从表数据共 3 条
[2025-03-14 21:37:10,431] [INFO] - G_C_ID = 1029885-1013388从表SUM数据共 1 条
[2025-03-14 21:37:10,522] [INFO] - G_C_ID = 1029866-1013387从表数据共 4 条
[2025-03-14 21:37:10,539] [INFO] - G_C_ID = 1029866-1013387从表SUM数据共 1 条
[2025-03-14 21:37:10,633] [INFO] - G_C_ID = 1030003-1013391从表数据共 3 条
[2025-03-14 21:37:10,642] [INFO] - G_C_ID = 1030003-1013391从表SUM数据共 1 条
[2025-03-14 21:37:10,737] [INFO] - G_C_ID = 1029886-1013389从表数据共 3 条
[2025-03-14 21:37:10,745] [INFO] - G_C_ID = 1029886-1013389从表SUM数据共 1 条
[2025-03-14 21:37:10,840] [INFO] - G_C_ID = 1030019-1013392从表数据共 3 条
[2025-03-14 21:37:10,850] [INFO] - G_C_ID = 1030019-1013392从表SUM数据共 1 条
[2025-03-14 21:37:10,943] [INFO] - G_C_ID = 1029890-1013390从表数据共 5 条
[2025-03-14 21:37:10,963] [INFO] - G_C_ID = 1029890-1013390从表SUM数据共 1 条
[2025-03-14 21:37:10,967] [INFO] - 从表数据同步完成
[2025-03-14 21:37:10,978] [INFO] - Oracle 数据库连接关闭
[2025-03-14 21:37:10,978] [INFO] - MySQL 数据库连接关闭
[2025-03-14 21:37:10,978] [INFO] - === 数据同步完成 ===1
[2025-03-14 21:37:59,020] [INFO] - === 开始清理 2024-07-01 的数据 ===
[2025-03-14 21:37:59,243] [INFO] - 表 `guestcheckdetailssumrow` 清理完成，影响行数：58
[2025-03-14 21:37:59,247] [INFO] - 表 `guestcheckdetails` 清理完成，影响行数：318
[2025-03-14 21:37:59,248] [INFO] - 表 `guestcheck` 清理完成，影响行数：58
[2025-03-14 21:37:59,250] [INFO] - === 清理数据成功 ===
[2025-03-14 21:37:59,252] [INFO] - === 结束清理数据 ===
[2025-03-14 21:37:59,252] [INFO] - === 开始同步数据 ===
[2025-03-14 21:38:00,125] [INFO] - Oracle 数据库连接成功
[2025-03-14 21:38:00,128] [INFO] - MySQL 数据库连接成功
[2025-03-14 21:38:00,309] [INFO] - 从 Oracle 获取 58 条主表记录
[2025-03-14 21:38:00,390] [INFO] - 主表数据同步完成
[2025-03-14 21:38:00,599] [INFO] - G_C_ID = 1029382-512457从表数据共 7 条
[2025-03-14 21:38:00,618] [INFO] - G_C_ID = 1029382-512457从表SUM数据共 1 条
[2025-03-14 21:38:00,723] [INFO] - G_C_ID = 1029263-512455从表数据共 4 条
[2025-03-14 21:38:00,739] [INFO] - G_C_ID = 1029263-512455从表SUM数据共 1 条
[2025-03-14 21:38:00,835] [INFO] - G_C_ID = 1029255-512453从表数据共 7 条
[2025-03-14 21:38:00,853] [INFO] - G_C_ID = 1029255-512453从表SUM数据共 1 条
[2025-03-14 21:38:00,953] [INFO] - G_C_ID = 1029056-512452从表数据共 5 条
[2025-03-14 21:38:00,969] [INFO] - G_C_ID = 1029056-512452从表SUM数据共 1 条
[2025-03-14 21:38:01,063] [INFO] - G_C_ID = 1029256-512454从表数据共 9 条
[2025-03-14 21:38:01,079] [INFO] - G_C_ID = 1029256-512454从表SUM数据共 1 条
[2025-03-14 21:38:01,171] [INFO] - G_C_ID = 1029379-512456从表数据共 7 条
[2025-03-14 21:38:01,189] [INFO] - G_C_ID = 1029379-512456从表SUM数据共 1 条
[2025-03-14 21:38:01,283] [INFO] - G_C_ID = 1029365-36970从表数据共 5 条
[2025-03-14 21:38:01,295] [INFO] - G_C_ID = 1029365-36970从表SUM数据共 1 条
[2025-03-14 21:38:01,394] [INFO] - G_C_ID = 1029360-36969从表数据共 3 条
[2025-03-14 21:38:01,401] [INFO] - G_C_ID = 1029360-36969从表SUM数据共 1 条
[2025-03-14 21:38:01,494] [INFO] - G_C_ID = 1029090-36962从表数据共 4 条
[2025-03-14 21:38:01,503] [INFO] - G_C_ID = 1029090-36962从表SUM数据共 1 条
[2025-03-14 21:38:01,599] [INFO] - G_C_ID = 1029077-36959从表数据共 3 条
[2025-03-14 21:38:01,609] [INFO] - G_C_ID = 1029077-36959从表SUM数据共 1 条
[2025-03-14 21:38:01,702] [INFO] - G_C_ID = 1029371-36972从表数据共 18 条
[2025-03-14 21:38:01,727] [INFO] - G_C_ID = 1029371-36972从表SUM数据共 1 条
[2025-03-14 21:38:01,819] [INFO] - G_C_ID = 1029357-36966从表数据共 5 条
[2025-03-14 21:38:01,833] [INFO] - G_C_ID = 1029357-36966从表SUM数据共 1 条
[2025-03-14 21:38:01,939] [INFO] - G_C_ID = 1029078-36960从表数据共 12 条
[2025-03-14 21:38:01,959] [INFO] - G_C_ID = 1029078-36960从表SUM数据共 1 条
[2025-03-14 21:38:02,068] [WARN] - G_C_ID = 1029061-36957 没有对应的从表数据
[2025-03-14 21:38:02,068] [INFO] - G_C_ID = 1029061-36957从表SUM数据共 1 条
[2025-03-14 21:38:02,169] [INFO] - G_C_ID = 1029064-36958从表数据共 4 条
[2025-03-14 21:38:02,185] [INFO] - G_C_ID = 1029064-36958从表SUM数据共 1 条
[2025-03-14 21:38:02,279] [INFO] - G_C_ID = 1029359-36968从表数据共 6 条
[2025-03-14 21:38:02,291] [INFO] - G_C_ID = 1029359-36968从表SUM数据共 1 条
[2025-03-14 21:38:02,382] [WARN] - G_C_ID = 1029264-36963 没有对应的从表数据
[2025-03-14 21:38:02,382] [INFO] - G_C_ID = 1029264-36963从表SUM数据共 1 条
[2025-03-14 21:38:02,480] [INFO] - G_C_ID = 1029358-36967从表数据共 3 条
[2025-03-14 21:38:02,493] [INFO] - G_C_ID = 1029358-36967从表SUM数据共 1 条
[2025-03-14 21:38:02,588] [INFO] - G_C_ID = 1029058-36955从表数据共 5 条
[2025-03-14 21:38:02,599] [INFO] - G_C_ID = 1029058-36955从表SUM数据共 1 条
[2025-03-14 21:38:02,690] [INFO] - G_C_ID = 1029083-36961从表数据共 6 条
[2025-03-14 21:38:02,702] [INFO] - G_C_ID = 1029083-36961从表SUM数据共 1 条
[2025-03-14 21:38:02,795] [INFO] - G_C_ID = 1029384-36974从表数据共 14 条
[2025-03-14 21:38:02,823] [INFO] - G_C_ID = 1029384-36974从表SUM数据共 1 条
[2025-03-14 21:38:02,916] [INFO] - G_C_ID = 1029277-36964从表数据共 3 条
[2025-03-14 21:38:02,921] [INFO] - G_C_ID = 1029277-36964从表SUM数据共 1 条
[2025-03-14 21:38:03,013] [INFO] - G_C_ID = 1029278-36965从表数据共 4 条
[2025-03-14 21:38:03,026] [INFO] - G_C_ID = 1029278-36965从表SUM数据共 1 条
[2025-03-14 21:38:03,123] [INFO] - G_C_ID = 1029060-36956从表数据共 4 条
[2025-03-14 21:38:03,146] [INFO] - G_C_ID = 1029060-36956从表SUM数据共 1 条
[2025-03-14 21:38:03,240] [INFO] - G_C_ID = 1029373-36973从表数据共 4 条
[2025-03-14 21:38:03,252] [INFO] - G_C_ID = 1029373-36973从表SUM数据共 1 条
[2025-03-14 21:38:03,343] [INFO] - G_C_ID = 1029370-36971从表数据共 6 条
[2025-03-14 21:38:03,357] [INFO] - G_C_ID = 1029370-36971从表SUM数据共 1 条
[2025-03-14 21:38:03,454] [INFO] - G_C_ID = 1029093-1060767从表数据共 8 条
[2025-03-14 21:38:03,477] [INFO] - G_C_ID = 1029093-1060767从表SUM数据共 1 条
[2025-03-14 21:38:03,573] [INFO] - G_C_ID = 1029250-1060768从表数据共 4 条
[2025-03-14 21:38:03,590] [INFO] - G_C_ID = 1029250-1060768从表SUM数据共 1 条
[2025-03-14 21:38:03,685] [INFO] - G_C_ID = 1029375-14890从表数据共 9 条
[2025-03-14 21:38:03,710] [INFO] - G_C_ID = 1029375-14890从表SUM数据共 1 条
[2025-03-14 21:38:03,809] [INFO] - G_C_ID = 1029369-14887从表数据共 3 条
[2025-03-14 21:38:03,822] [INFO] - G_C_ID = 1029369-14887从表SUM数据共 1 条
[2025-03-14 21:38:03,915] [INFO] - G_C_ID = 1029089-14883从表数据共 9 条
[2025-03-14 21:38:03,933] [INFO] - G_C_ID = 1029089-14883从表SUM数据共 1 条
[2025-03-14 21:38:04,027] [INFO] - G_C_ID = 1028844-14875从表数据共 3 条
[2025-03-14 21:38:04,036] [INFO] - G_C_ID = 1028844-14875从表SUM数据共 1 条
[2025-03-14 21:38:04,129] [INFO] - G_C_ID = 1028840-14873从表数据共 3 条
[2025-03-14 21:38:04,141] [INFO] - G_C_ID = 1028840-14873从表SUM数据共 1 条
[2025-03-14 21:38:04,238] [INFO] - G_C_ID = 1028839-14872从表数据共 3 条
[2025-03-14 21:38:04,256] [INFO] - G_C_ID = 1028839-14872从表SUM数据共 1 条
[2025-03-14 21:38:04,359] [INFO] - G_C_ID = 1029372-14888从表数据共 16 条
[2025-03-14 21:38:04,380] [INFO] - G_C_ID = 1029372-14888从表SUM数据共 1 条
[2025-03-14 21:38:04,470] [INFO] - G_C_ID = 1028833-14866从表数据共 3 条
[2025-03-14 21:38:04,475] [INFO] - G_C_ID = 1028833-14866从表SUM数据共 1 条
[2025-03-14 21:38:04,571] [INFO] - G_C_ID = 1029076-14881从表数据共 17 条
[2025-03-14 21:38:04,607] [INFO] - G_C_ID = 1029076-14881从表SUM数据共 1 条
[2025-03-14 21:38:04,949] [INFO] - G_C_ID = 1029362-14885从表数据共 5 条
[2025-03-14 21:38:04,959] [INFO] - G_C_ID = 1029362-14885从表SUM数据共 1 条
[2025-03-14 21:38:05,051] [WARN] - G_C_ID = 1028847-14878 没有对应的从表数据
[2025-03-14 21:38:05,051] [INFO] - G_C_ID = 1028847-14878从表SUM数据共 1 条
[2025-03-14 21:38:05,156] [INFO] - G_C_ID = 1029057-14879从表数据共 2 条
[2025-03-14 21:38:05,165] [INFO] - G_C_ID = 1029057-14879从表SUM数据共 1 条
[2025-03-14 21:38:05,259] [WARN] - G_C_ID = 1029374-14889 没有对应的从表数据
[2025-03-14 21:38:05,260] [INFO] - G_C_ID = 1029374-14889从表SUM数据共 1 条
[2025-03-14 21:38:05,363] [INFO] - G_C_ID = 1028843-14874从表数据共 3 条
[2025-03-14 21:38:05,377] [INFO] - G_C_ID = 1028843-14874从表SUM数据共 1 条
[2025-03-14 21:38:05,480] [INFO] - G_C_ID = 1028834-14867从表数据共 3 条
[2025-03-14 21:38:05,493] [INFO] - G_C_ID = 1028834-14867从表SUM数据共 1 条
[2025-03-14 21:38:05,592] [INFO] - G_C_ID = 1029086-14882从表数据共 3 条
[2025-03-14 21:38:05,606] [INFO] - G_C_ID = 1029086-14882从表SUM数据共 1 条
[2025-03-14 21:38:05,702] [INFO] - G_C_ID = 1029059-14880从表数据共 8 条
[2025-03-14 21:38:05,723] [INFO] - G_C_ID = 1029059-14880从表SUM数据共 1 条
[2025-03-14 21:38:05,818] [INFO] - G_C_ID = 1028838-14871从表数据共 5 条
[2025-03-14 21:38:05,834] [INFO] - G_C_ID = 1028838-14871从表SUM数据共 1 条
[2025-03-14 21:38:05,928] [INFO] - G_C_ID = 1028846-14877从表数据共 3 条
[2025-03-14 21:38:05,942] [INFO] - G_C_ID = 1028846-14877从表SUM数据共 1 条
[2025-03-14 21:38:06,040] [INFO] - G_C_ID = 1028845-14876从表数据共 3 条
[2025-03-14 21:38:06,053] [INFO] - G_C_ID = 1028845-14876从表SUM数据共 1 条
[2025-03-14 21:38:06,151] [INFO] - G_C_ID = 1028835-14868从表数据共 3 条
[2025-03-14 21:38:06,162] [INFO] - G_C_ID = 1028835-14868从表SUM数据共 1 条
[2025-03-14 21:38:06,264] [INFO] - G_C_ID = 1029368-14886从表数据共 12 条
[2025-03-14 21:38:06,291] [INFO] - G_C_ID = 1029368-14886从表SUM数据共 1 条
[2025-03-14 21:38:06,382] [INFO] - G_C_ID = 1028836-14869从表数据共 3 条
[2025-03-14 21:38:06,390] [INFO] - G_C_ID = 1028836-14869从表SUM数据共 1 条
[2025-03-14 21:38:06,483] [INFO] - G_C_ID = 1028837-14870从表数据共 5 条
[2025-03-14 21:38:06,498] [INFO] - G_C_ID = 1028837-14870从表SUM数据共 1 条
[2025-03-14 21:38:06,592] [INFO] - G_C_ID = 1029378-14891从表数据共 10 条
[2025-03-14 21:38:06,619] [INFO] - G_C_ID = 1029378-14891从表SUM数据共 1 条
[2025-03-14 21:38:06,713] [WARN] - G_C_ID = 1029361-14884 没有对应的从表数据
[2025-03-14 21:38:06,713] [INFO] - G_C_ID = 1029361-14884从表SUM数据共 1 条
[2025-03-14 21:38:07,061] [INFO] - G_C_ID = 1029383-1013386从表数据共 6 条
[2025-03-14 21:38:07,082] [INFO] - G_C_ID = 1029383-1013386从表SUM数据共 1 条
[2025-03-14 21:38:07,180] [INFO] - G_C_ID = 1029065-1013383从表数据共 8 条
[2025-03-14 21:38:07,204] [INFO] - G_C_ID = 1029065-1013383从表SUM数据共 1 条
[2025-03-14 21:38:07,299] [INFO] - G_C_ID = 1029367-1013385从表数据共 6 条
[2025-03-14 21:38:07,315] [INFO] - G_C_ID = 1029367-1013385从表SUM数据共 1 条
[2025-03-14 21:38:07,416] [INFO] - G_C_ID = 1029366-1013384从表数据共 4 条
[2025-03-14 21:38:07,429] [INFO] - G_C_ID = 1029366-1013384从表SUM数据共 1 条
[2025-03-14 21:38:07,431] [INFO] - 从表数据同步完成
[2025-03-14 21:38:07,439] [INFO] - Oracle 数据库连接关闭
[2025-03-14 21:38:07,439] [INFO] - MySQL 数据库连接关闭
[2025-03-14 21:38:07,440] [INFO] - === 数据同步完成 ===1
[2025-03-14 21:38:21,444] [INFO] - === 开始清理 2024-07-01 的数据 ===
[2025-03-14 21:38:21,670] [INFO] - 表 `guestcheckdetailssumrow` 清理完成，影响行数：58
[2025-03-14 21:38:21,674] [INFO] - 表 `guestcheckdetails` 清理完成，影响行数：318
[2025-03-14 21:38:21,675] [INFO] - 表 `guestcheck` 清理完成，影响行数：58
[2025-03-14 21:38:21,677] [INFO] - === 清理数据成功 ===
[2025-03-14 21:38:21,679] [INFO] - === 结束清理数据 ===
[2025-03-14 21:38:36,344] [INFO] - === 开始同步数据 ===
[2025-03-14 21:38:36,935] [INFO] - Oracle 数据库连接成功
[2025-03-14 21:38:36,940] [INFO] - MySQL 数据库连接成功
[2025-03-14 21:38:37,116] [INFO] - 从 Oracle 获取 58 条主表记录
[2025-03-14 21:38:37,204] [INFO] - 主表数据同步完成
[2025-03-14 21:38:37,406] [INFO] - G_C_ID = 1029382-512457从表数据共 7 条
[2025-03-14 21:38:37,425] [INFO] - G_C_ID = 1029382-512457从表SUM数据共 1 条
[2025-03-14 21:38:37,523] [INFO] - G_C_ID = 1029263-512455从表数据共 4 条
[2025-03-14 21:38:37,533] [INFO] - G_C_ID = 1029263-512455从表SUM数据共 1 条
[2025-03-14 21:38:37,626] [INFO] - G_C_ID = 1029255-512453从表数据共 7 条
[2025-03-14 21:38:37,647] [INFO] - G_C_ID = 1029255-512453从表SUM数据共 1 条
[2025-03-14 21:38:37,742] [INFO] - G_C_ID = 1029056-512452从表数据共 5 条
[2025-03-14 21:38:37,755] [INFO] - G_C_ID = 1029056-512452从表SUM数据共 1 条
[2025-03-14 21:38:37,846] [INFO] - G_C_ID = 1029256-512454从表数据共 9 条
[2025-03-14 21:38:37,866] [INFO] - G_C_ID = 1029256-512454从表SUM数据共 1 条
[2025-03-14 21:38:37,960] [INFO] - G_C_ID = 1029379-512456从表数据共 7 条
[2025-03-14 21:38:37,975] [INFO] - G_C_ID = 1029379-512456从表SUM数据共 1 条
[2025-03-14 21:38:38,068] [INFO] - G_C_ID = 1029365-36970从表数据共 5 条
[2025-03-14 21:38:38,078] [INFO] - G_C_ID = 1029365-36970从表SUM数据共 1 条
[2025-03-14 21:38:38,171] [INFO] - G_C_ID = 1029360-36969从表数据共 3 条
[2025-03-14 21:38:38,180] [INFO] - G_C_ID = 1029360-36969从表SUM数据共 1 条
[2025-03-14 21:38:38,275] [INFO] - G_C_ID = 1029090-36962从表数据共 4 条
[2025-03-14 21:38:38,290] [INFO] - G_C_ID = 1029090-36962从表SUM数据共 1 条
[2025-03-14 21:38:38,382] [INFO] - G_C_ID = 1029077-36959从表数据共 3 条
[2025-03-14 21:38:38,391] [INFO] - G_C_ID = 1029077-36959从表SUM数据共 1 条
[2025-03-14 21:38:38,486] [INFO] - G_C_ID = 1029371-36972从表数据共 18 条
[2025-03-14 21:38:38,524] [INFO] - G_C_ID = 1029371-36972从表SUM数据共 1 条
[2025-03-14 21:38:38,623] [INFO] - G_C_ID = 1029357-36966从表数据共 5 条
[2025-03-14 21:38:38,636] [INFO] - G_C_ID = 1029357-36966从表SUM数据共 1 条
[2025-03-14 21:38:38,729] [INFO] - G_C_ID = 1029078-36960从表数据共 12 条
[2025-03-14 21:38:38,763] [INFO] - G_C_ID = 1029078-36960从表SUM数据共 1 条
[2025-03-14 21:38:38,859] [WARN] - G_C_ID = 1029061-36957 没有对应的从表数据
[2025-03-14 21:38:38,859] [INFO] - G_C_ID = 1029061-36957从表SUM数据共 1 条
[2025-03-14 21:38:38,961] [INFO] - G_C_ID = 1029064-36958从表数据共 4 条
[2025-03-14 21:38:38,980] [INFO] - G_C_ID = 1029064-36958从表SUM数据共 1 条
[2025-03-14 21:38:39,075] [INFO] - G_C_ID = 1029359-36968从表数据共 6 条
[2025-03-14 21:38:39,087] [INFO] - G_C_ID = 1029359-36968从表SUM数据共 1 条
[2025-03-14 21:38:39,178] [WARN] - G_C_ID = 1029264-36963 没有对应的从表数据
[2025-03-14 21:38:39,178] [INFO] - G_C_ID = 1029264-36963从表SUM数据共 1 条
[2025-03-14 21:38:39,275] [INFO] - G_C_ID = 1029358-36967从表数据共 3 条
[2025-03-14 21:38:39,285] [INFO] - G_C_ID = 1029358-36967从表SUM数据共 1 条
[2025-03-14 21:38:39,378] [INFO] - G_C_ID = 1029058-36955从表数据共 5 条
[2025-03-14 21:38:39,398] [INFO] - G_C_ID = 1029058-36955从表SUM数据共 1 条
[2025-03-14 21:38:39,492] [INFO] - G_C_ID = 1029083-36961从表数据共 6 条
[2025-03-14 21:38:39,510] [INFO] - G_C_ID = 1029083-36961从表SUM数据共 1 条
[2025-03-14 21:38:39,605] [INFO] - G_C_ID = 1029384-36974从表数据共 14 条
[2025-03-14 21:38:39,632] [INFO] - G_C_ID = 1029384-36974从表SUM数据共 1 条
[2025-03-14 21:38:39,723] [INFO] - G_C_ID = 1029277-36964从表数据共 3 条
[2025-03-14 21:38:39,731] [INFO] - G_C_ID = 1029277-36964从表SUM数据共 1 条
[2025-03-14 21:38:39,824] [INFO] - G_C_ID = 1029278-36965从表数据共 4 条
[2025-03-14 21:38:39,841] [INFO] - G_C_ID = 1029278-36965从表SUM数据共 1 条
[2025-03-14 21:38:39,932] [INFO] - G_C_ID = 1029060-36956从表数据共 4 条
[2025-03-14 21:38:39,941] [INFO] - G_C_ID = 1029060-36956从表SUM数据共 1 条
[2025-03-14 21:38:40,033] [INFO] - G_C_ID = 1029373-36973从表数据共 4 条
[2025-03-14 21:38:40,042] [INFO] - G_C_ID = 1029373-36973从表SUM数据共 1 条
[2025-03-14 21:38:40,379] [INFO] - G_C_ID = 1029370-36971从表数据共 6 条
[2025-03-14 21:38:40,391] [INFO] - G_C_ID = 1029370-36971从表SUM数据共 1 条
[2025-03-14 21:38:40,483] [INFO] - G_C_ID = 1029093-1060767从表数据共 8 条
[2025-03-14 21:38:40,497] [INFO] - G_C_ID = 1029093-1060767从表SUM数据共 1 条
[2025-03-14 21:38:40,588] [INFO] - G_C_ID = 1029250-1060768从表数据共 4 条
[2025-03-14 21:38:40,598] [INFO] - G_C_ID = 1029250-1060768从表SUM数据共 1 条
[2025-03-14 21:38:40,692] [INFO] - G_C_ID = 1029375-14890从表数据共 9 条
[2025-03-14 21:38:40,713] [INFO] - G_C_ID = 1029375-14890从表SUM数据共 1 条
[2025-03-14 21:38:40,809] [INFO] - G_C_ID = 1029369-14887从表数据共 3 条
[2025-03-14 21:38:40,817] [INFO] - G_C_ID = 1029369-14887从表SUM数据共 1 条
[2025-03-14 21:38:40,907] [INFO] - G_C_ID = 1029089-14883从表数据共 9 条
[2025-03-14 21:38:40,922] [INFO] - G_C_ID = 1029089-14883从表SUM数据共 1 条
[2025-03-14 21:38:41,015] [INFO] - G_C_ID = 1028844-14875从表数据共 3 条
[2025-03-14 21:38:41,024] [INFO] - G_C_ID = 1028844-14875从表SUM数据共 1 条
[2025-03-14 21:38:41,117] [INFO] - G_C_ID = 1028840-14873从表数据共 3 条
[2025-03-14 21:38:41,129] [INFO] - G_C_ID = 1028840-14873从表SUM数据共 1 条
[2025-03-14 21:38:41,221] [INFO] - G_C_ID = 1028839-14872从表数据共 3 条
[2025-03-14 21:38:41,229] [INFO] - G_C_ID = 1028839-14872从表SUM数据共 1 条
[2025-03-14 21:38:41,324] [INFO] - G_C_ID = 1029372-14888从表数据共 16 条
[2025-03-14 21:38:41,350] [INFO] - G_C_ID = 1029372-14888从表SUM数据共 1 条
[2025-03-14 21:38:41,443] [INFO] - G_C_ID = 1028833-14866从表数据共 3 条
[2025-03-14 21:38:41,451] [INFO] - G_C_ID = 1028833-14866从表SUM数据共 1 条
[2025-03-14 21:38:41,543] [INFO] - G_C_ID = 1029076-14881从表数据共 17 条
[2025-03-14 21:38:41,570] [INFO] - G_C_ID = 1029076-14881从表SUM数据共 1 条
[2025-03-14 21:38:41,661] [INFO] - G_C_ID = 1029362-14885从表数据共 5 条
[2025-03-14 21:38:41,676] [INFO] - G_C_ID = 1029362-14885从表SUM数据共 1 条
[2025-03-14 21:38:41,770] [WARN] - G_C_ID = 1028847-14878 没有对应的从表数据
[2025-03-14 21:38:41,770] [INFO] - G_C_ID = 1028847-14878从表SUM数据共 1 条
[2025-03-14 21:38:41,868] [INFO] - G_C_ID = 1029057-14879从表数据共 2 条
[2025-03-14 21:38:41,874] [INFO] - G_C_ID = 1029057-14879从表SUM数据共 1 条
[2025-03-14 21:38:41,966] [WARN] - G_C_ID = 1029374-14889 没有对应的从表数据
[2025-03-14 21:38:41,966] [INFO] - G_C_ID = 1029374-14889从表SUM数据共 1 条
[2025-03-14 21:38:42,064] [INFO] - G_C_ID = 1028843-14874从表数据共 3 条
[2025-03-14 21:38:42,072] [INFO] - G_C_ID = 1028843-14874从表SUM数据共 1 条
[2025-03-14 21:38:42,171] [INFO] - G_C_ID = 1028834-14867从表数据共 3 条
[2025-03-14 21:38:42,179] [INFO] - G_C_ID = 1028834-14867从表SUM数据共 1 条
[2025-03-14 21:38:42,269] [INFO] - G_C_ID = 1029086-14882从表数据共 3 条
[2025-03-14 21:38:42,276] [INFO] - G_C_ID = 1029086-14882从表SUM数据共 1 条
[2025-03-14 21:38:42,367] [INFO] - G_C_ID = 1029059-14880从表数据共 8 条
[2025-03-14 21:38:42,378] [INFO] - G_C_ID = 1029059-14880从表SUM数据共 1 条
[2025-03-14 21:38:42,509] [INFO] - G_C_ID = 1028838-14871从表数据共 5 条
[2025-03-14 21:38:42,522] [INFO] - G_C_ID = 1028838-14871从表SUM数据共 1 条
[2025-03-14 21:38:42,615] [INFO] - G_C_ID = 1028846-14877从表数据共 3 条
[2025-03-14 21:38:42,625] [INFO] - G_C_ID = 1028846-14877从表SUM数据共 1 条
[2025-03-14 21:38:42,718] [INFO] - G_C_ID = 1028845-14876从表数据共 3 条
[2025-03-14 21:38:42,736] [INFO] - G_C_ID = 1028845-14876从表SUM数据共 1 条
[2025-03-14 21:38:42,838] [INFO] - G_C_ID = 1028835-14868从表数据共 3 条
[2025-03-14 21:38:42,845] [INFO] - G_C_ID = 1028835-14868从表SUM数据共 1 条
[2025-03-14 21:38:42,938] [INFO] - G_C_ID = 1029368-14886从表数据共 12 条
[2025-03-14 21:38:42,966] [INFO] - G_C_ID = 1029368-14886从表SUM数据共 1 条
[2025-03-14 21:38:43,061] [INFO] - G_C_ID = 1028836-14869从表数据共 3 条
[2025-03-14 21:38:43,072] [INFO] - G_C_ID = 1028836-14869从表SUM数据共 1 条
[2025-03-14 21:38:43,163] [INFO] - G_C_ID = 1028837-14870从表数据共 5 条
[2025-03-14 21:38:43,175] [INFO] - G_C_ID = 1028837-14870从表SUM数据共 1 条
[2025-03-14 21:38:43,272] [INFO] - G_C_ID = 1029378-14891从表数据共 10 条
[2025-03-14 21:38:43,290] [INFO] - G_C_ID = 1029378-14891从表SUM数据共 1 条
[2025-03-14 21:38:43,382] [WARN] - G_C_ID = 1029361-14884 没有对应的从表数据
[2025-03-14 21:38:43,382] [INFO] - G_C_ID = 1029361-14884从表SUM数据共 1 条
[2025-03-14 21:38:43,479] [INFO] - G_C_ID = 1029383-1013386从表数据共 6 条
[2025-03-14 21:38:43,498] [INFO] - G_C_ID = 1029383-1013386从表SUM数据共 1 条
[2025-03-14 21:38:43,593] [INFO] - G_C_ID = 1029065-1013383从表数据共 8 条
[2025-03-14 21:38:43,615] [INFO] - G_C_ID = 1029065-1013383从表SUM数据共 1 条
[2025-03-14 21:38:43,708] [INFO] - G_C_ID = 1029367-1013385从表数据共 6 条
[2025-03-14 21:38:43,723] [INFO] - G_C_ID = 1029367-1013385从表SUM数据共 1 条
[2025-03-14 21:38:43,817] [INFO] - G_C_ID = 1029366-1013384从表数据共 4 条
[2025-03-14 21:38:43,832] [INFO] - G_C_ID = 1029366-1013384从表SUM数据共 1 条
[2025-03-14 21:38:43,834] [INFO] - 从表数据同步完成
[2025-03-14 21:38:43,845] [INFO] - Oracle 数据库连接关闭
[2025-03-14 21:38:43,845] [INFO] - MySQL 数据库连接关闭
[2025-03-14 21:38:43,845] [INFO] - === 数据同步完成 ===1
